<?xml version="1.0" encoding="UTF-8" ?>
<testsuites disabled="0" errors="0" failures="1" tests="2" time="17.308">
 <testsuite name="demo calculator test" timestamp="2021-03-23T23:03:37" hostname="localhost" time="17.308" errors="0" tests="2" skipped="0" disabled="0" failures="1">
  <testcase classname="demo calculator test" name="addition test" time="11.068" />
  <testcase classname="demo calculator test" name="Substraction test" time="6.198">
   <failure type="exception" message="Failed: No element found using locator: by.cssContainingText(&quot;.ng-binding&quot;, &quot;10&quot;)"><![CDATA[NoSuchElementError: No element found using locator: by.cssContainingText(".ng-binding", "10")
    at C:\Users\NuwanMaduranga\AppData\Roaming\npm\node_modules\protractor\built\element.js:814:27
    at ManagedPromise.invokeCallback_ (C:\Users\NuwanMaduranga\AppData\Roaming\npm\node_modules\protractor\node_modules\selenium-webdriver\lib\promise.js:1376:14)
    at TaskQueue.execute_ (C:\Users\NuwanMaduranga\AppData\Roaming\npm\node_modules\protractor\node_modules\selenium-webdriver\lib\promise.js:3084:14)
    at TaskQueue.executeNext_ (C:\Users\NuwanMaduranga\AppData\Roaming\npm\node_modules\protractor\node_modules\selenium-webdriver\lib\promise.js:3067:27)
    at C:\Users\NuwanMaduranga\AppData\Roaming\npm\node_modules\protractor\node_modules\selenium-webdriver\lib\promise.js:2927:27
    at C:\Users\NuwanMaduranga\AppData\Roaming\npm\node_modules\protractor\node_modules\selenium-webdriver\lib\promise.js:668:7
    at processTicksAndRejections (internal/process/task_queues.js:93:5)Error
    at ElementArrayFinder.applyAction_ (C:\Users\NuwanMaduranga\AppData\Roaming\npm\node_modules\protractor\built\element.js:459:27)
    at ElementArrayFinder.<computed> [as getText] (C:\Users\NuwanMaduranga\AppData\Roaming\npm\node_modules\protractor\built\element.js:91:29)
    at ElementFinder.<computed> [as getText] (C:\Users\NuwanMaduranga\AppData\Roaming\npm\node_modules\protractor\built\element.js:831:22)
    at homepage.VerifyResult (D:\NuwanM\AutomationScripts\ProtractorFramework\ProtractorDemo\pages\homepage.js:27:23)
    at UserContext.<anonymous> (D:\NuwanM\AutomationScripts\ProtractorFramework\ProtractorDemo\test\calculator.js:33:14)
    at C:\Users\NuwanMaduranga\AppData\Roaming\npm\node_modules\protractor\node_modules\jasminewd2\index.js:112:25
    at new ManagedPromise (C:\Users\NuwanMaduranga\AppData\Roaming\npm\node_modules\protractor\node_modules\selenium-webdriver\lib\promise.js:1077:7)
    at ControlFlow.promise (C:\Users\NuwanMaduranga\AppData\Roaming\npm\node_modules\protractor\node_modules\selenium-webdriver\lib\promise.js:2505:12)
    at schedulerExecute (C:\Users\NuwanMaduranga\AppData\Roaming\npm\node_modules\protractor\node_modules\jasminewd2\index.js:95:18)
    at TaskQueue.execute_ (C:\Users\NuwanMaduranga\AppData\Roaming\npm\node_modules\protractor\node_modules\selenium-webdriver\lib\promise.js:3084:14)
From: Task: Run it("Substraction test") in control flow
    at UserContext.<anonymous> (C:\Users\NuwanMaduranga\AppData\Roaming\npm\node_modules\protractor\node_modules\jasminewd2\index.js:94:19)
    at attempt (C:\Users\NuwanMaduranga\AppData\Roaming\npm\node_modules\protractor\node_modules\jasmine-core\lib\jasmine-core\jasmine.js:4297:26)
    at QueueRunner.run (C:\Users\NuwanMaduranga\AppData\Roaming\npm\node_modules\protractor\node_modules\jasmine-core\lib\jasmine-core\jasmine.js:4217:20)
    at runNext (C:\Users\NuwanMaduranga\AppData\Roaming\npm\node_modules\protractor\node_modules\jasmine-core\lib\jasmine-core\jasmine.js:4257:20)
    at C:\Users\NuwanMaduranga\AppData\Roaming\npm\node_modules\protractor\node_modules\jasmine-core\lib\jasmine-core\jasmine.js:4264:13
    at C:\Users\NuwanMaduranga\AppData\Roaming\npm\node_modules\protractor\node_modules\jasmine-core\lib\jasmine-core\jasmine.js:4172:9
    at C:\Users\NuwanMaduranga\AppData\Roaming\npm\node_modules\protractor\node_modules\jasminewd2\index.js:64:48
    at ControlFlow.emit (C:\Users\NuwanMaduranga\AppData\Roaming\npm\node_modules\protractor\node_modules\selenium-webdriver\lib\events.js:62:21)
    at ControlFlow.shutdown_ (C:\Users\NuwanMaduranga\AppData\Roaming\npm\node_modules\protractor\node_modules\selenium-webdriver\lib\promise.js:2674:10)
    at C:\Users\NuwanMaduranga\AppData\Roaming\npm\node_modules\protractor\node_modules\selenium-webdriver\lib\promise.js:2599:53
From asynchronous test: 
Error
    at Suite.<anonymous> (D:\NuwanM\AutomationScripts\ProtractorFramework\ProtractorDemo\test\calculator.js:26:1)
    at addSpecsToSuite (C:\Users\NuwanMaduranga\AppData\Roaming\npm\node_modules\protractor\node_modules\jasmine-core\lib\jasmine-core\jasmine.js:1107:25)
    at Env.describe (C:\Users\NuwanMaduranga\AppData\Roaming\npm\node_modules\protractor\node_modules\jasmine-core\lib\jasmine-core\jasmine.js:1074:7)
    at describe (C:\Users\NuwanMaduranga\AppData\Roaming\npm\node_modules\protractor\node_modules\jasmine-core\lib\jasmine-core\jasmine.js:4399:18)
    at Object.<anonymous> (D:\NuwanM\AutomationScripts\ProtractorFramework\ProtractorDemo\test\calculator.js:4:1)
    at Module._compile (internal/modules/cjs/loader.js:959:30)
    at Object.Module._extensions..js (internal/modules/cjs/loader.js:995:10)
    at Module.load (internal/modules/cjs/loader.js:815:32)
    at Function.Module._load (internal/modules/cjs/loader.js:727:14)]]>
   </failure>
  </testcase>
 </testsuite>
</testsuites>